C51 COMPILER V9.02   EXT1                                                                  07/27/2015 14:20:38 PAGE 1   


C51 COMPILER V9.02, COMPILATION OF MODULE EXT1
OBJECT MODULE PLACED IN .\list\ext1.obj
COMPILER INVOKED BY: d:\Keil_v5\C51\BIN\C51.EXE ext1.c OPTIMIZE(7,SPEED) BROWSE INCDIR(..\MyDriver;..\Lib\inc;..\Lib\src
                    -) DEBUG OBJECTEXTEND PRINT(.\list\ext1.lst) TABS(2) OBJECT(.\list\ext1.obj)

line level    source

   1          #include "STC15xx_config.h"
   2          #include "config.h"
   3          #include "led.h"
   4          
   5          #include "UART.h"
   6          #include "GPIO.h"
   7          
   8                                      void main(void)
   9          {
  10   1        TMOD = (TMOD & 0XF0) | 0X01;
  11   1        TL0 = 0x0;
  12   1        TH0 = 0x0;
  13   1        TR0 = 1;
  14   1        ET0 = 1;
  15   1        GPIO_config();
  16   1        UART1_config();
  17   1        PrintString1("Hello! World\r\n");
  18   1          OSStart();
  19   1      }
  20          
  21                                      void TaskA(void)
  22          {
  23   1          while (1)
  24   1          {
  25   2            led0=~led0;
  26   2              OSWait(K_TMO,5);
  27   2            PrintString1("TaskA\r\n");
  28   2          } 
  29   1      }
  30          
  31                                      void TaskB(void)
  32          {
  33   1          while (1)
  34   1          {
  35   2            led1=~led1;
  36   2              OSWait(K_TMO,10);
  37   2            PrintString1("TaskB\r\n");
  38   2          }
  39   1      }
  40          
  41                                      void TaskC(void)
  42          {
  43   1          while (1)
  44   1          {
  45   2            led2=~led2;
  46   2              OSWait(K_TMO,15);
  47   2            PrintString1("TaskC\r\n");
  48   2          }
  49   1      }


MODULE INFORMATION:   STATIC OVERLAYABLE
   CODE SIZE        =     99    ----
   CONSTANT SIZE    =     39    ----
C51 COMPILER V9.02   EXT1                                                                  07/27/2015 14:20:38 PAGE 2   

   XDATA SIZE       =   ----    ----
   PDATA SIZE       =   ----    ----
   DATA SIZE        =   ----    ----
   IDATA SIZE       =   ----    ----
   BIT SIZE         =   ----    ----
END OF MODULE INFORMATION.


C51 COMPILATION COMPLETE.  0 WARNING(S),  0 ERROR(S)
