C51 COMPILER V9.02   STC15XX_IT                                                            11/03/2015 18:33:37 PAGE 1   


C51 COMPILER V9.02, COMPILATION OF MODULE STC15XX_IT
OBJECT MODULE PLACED IN ..\Output\stc15xx_it.obj
COMPILER INVOKED BY: d:\Keil_v5\C51\BIN\C51.EXE stc15xx_it.c BROWSE INCDIR(..\Lib\inc;..\Lib\src;..\USER;..\MyDriver) DE
                    -BUG OBJECTEXTEND PRINT(..\Output\stc15xx_it.lst) TABS(2) OBJECT(..\Output\stc15xx_it.obj)

line level    source

   1          /********************************************************************************
   2          * 文件：stc15xx_it.h
   3          * 作者：刘帅
   4          * 日期：2015/07/25
   5          * 描述：stc15系列单片机中断函数
   6          ********************************************************************************/
   7          
   8          #include "stc15xx_it.h"
   9          #include  "STC15Fxxxx.H"
*** WARNING C322 IN LINE 530 OF ..\LIB\INC\STC15FXXXX.H: unknown identifier
*** WARNING C322 IN LINE 532 OF ..\LIB\INC\STC15FXXXX.H: unknown identifier
*** WARNING C322 IN LINE 534 OF ..\LIB\INC\STC15FXXXX.H: unknown identifier
*** WARNING C322 IN LINE 536 OF ..\LIB\INC\STC15FXXXX.H: unknown identifier
*** WARNING C322 IN LINE 538 OF ..\LIB\INC\STC15FXXXX.H: unknown identifier
*** WARNING C322 IN LINE 540 OF ..\LIB\INC\STC15FXXXX.H: unknown identifier
*** WARNING C322 IN LINE 542 OF ..\LIB\INC\STC15FXXXX.H: unknown identifier
  10          
  11          /********************* INT0中断函数 *************************/
  12          void Ext_INT0 (void) interrupt INT0_VECTOR    //进中断时已经清除标志
  13          {
  14   1        
  15   1      }
  16          
  17          /********************* INT1中断函数 *************************/
  18          void Ext_INT1 (void) interrupt INT1_VECTOR    //进中断时已经清除标志
  19          {
  20   1        
  21   1      }
  22          
  23          /********************* INT2中断函数 *************************/
  24          void Ext_INT2 (void) interrupt INT2_VECTOR  //
  25          {
  26   1        
  27   1      }
  28          
  29          /********************* INT3中断函数 *************************/
  30          void Ext_INT3 (void) interrupt INT3_VECTOR
  31          {
  32   1        
  33   1      }
  34          
  35          /********************* INT4中断函数 *************************/
  36          void Ext_INT4 (void) interrupt INT4_VECTOR
  37          {
  38   1        
  39   1      }
  40          
  41          
  42          
  43          /********************* Timer0中断函数************************/
  44          void timer0_int (void) interrupt TIMER0_VECTOR
  45          {
  46   1      
  47   1      }
C51 COMPILER V9.02   STC15XX_IT                                                            11/03/2015 18:33:37 PAGE 2   

  48          
  49          /********************* Timer1中断函数************************/
  50          void timer1_int (void) interrupt TIMER1_VECTOR
  51          {
  52   1      
  53   1      }
  54          
  55          /********************* Timer2中断函数************************/
  56          void timer2_int (void) interrupt TIMER2_VECTOR
  57          {
  58   1        
  59   1      }
  60          


MODULE INFORMATION:   STATIC OVERLAYABLE
   CODE SIZE        =      8    ----
   CONSTANT SIZE    =   ----    ----
   XDATA SIZE       =   ----    ----
   PDATA SIZE       =   ----    ----
   DATA SIZE        =   ----    ----
   IDATA SIZE       =   ----    ----
   BIT SIZE         =   ----    ----
END OF MODULE INFORMATION.


C51 COMPILATION COMPLETE.  7 WARNING(S),  0 ERROR(S)
