C51 COMPILER V9.02   MAIN                                                                  07/27/2015 13:42:44 PAGE 1   


C51 COMPILER V9.02, COMPILATION OF MODULE MAIN
OBJECT MODULE PLACED IN ..\Output\main.obj
COMPILER INVOKED BY: d:\Keil_v5\C51\BIN\C51.EXE main.c BROWSE INCDIR(..\Lib\inc;..\Lib\src;..\USER;..\MyDriver) DEBUG OB
                    -JECTEXTEND PRINT(..\Output\main.lst) TABS(2) OBJECT(..\Output\main.obj)

line level    source

   1          /********************************************************************************
   2          * 文件：main.c
   3          * 作者：刘帅
   4          * 日期：2015/07/25
   5          * 描述：工程主函数
   6          ********************************************************************************/
   7          #include "STC15xx_config.h"
   8          #include "UART.h"
   9          #include "GPIO.h"
  10          
  11          //***********************************led**************************************************
  12          sbit  led=P3^0;
  13          
  14          
  15          void main(){
  16   1        
  17   1        char str[]="EEPROM!hello!!!\r\n";
  18   1        char str_eep[20];
  19   1        
  20   1        GPIO_config();
  21   1        UART1_config();
  22   1        EA = 1;
  23   1        PrintString1(str);
  24   1        EEPROM_SectorErase(0x0000);//写数据前一定不要忘记擦出扇区
  25   1        EEPROM_write_n(0x0000,str,20);
  26   1        
  27   1        EEPROM_read_n(0x0000,str_eep,20);
  28   1        
  29   1        
  30   1        for(;;){
  31   2          //PrintString1(str);
  32   2          PrintString1(str_eep);
  33   2          led=~led;
  34   2          delay_ms(500);
  35   2          
  36   2        }
  37   1      
  38   1      }


MODULE INFORMATION:   STATIC OVERLAYABLE
   CODE SIZE        =     96    ----
   CONSTANT SIZE    =     18    ----
   XDATA SIZE       =   ----    ----
   PDATA SIZE       =   ----    ----
   DATA SIZE        =   ----      38
   IDATA SIZE       =   ----    ----
   BIT SIZE         =   ----    ----
END OF MODULE INFORMATION.


C51 COMPILATION COMPLETE.  0 WARNING(S),  0 ERROR(S)
